<?xml version="1.0" encoding="UTF-8"?>
<!DOCTYPE suite SYSTEM "https://testng.org/testng-1.0.dtd">
<suite name="API Tests">

    <test name="Validate Widget Pre Render Tests">
        <classes>
            <class name="simulations.ValidateWidgetPreRenderTest"/>
        </classes>
    </test>

    <test name="Validate Widget Post Render Tests">
        <classes>
            <class name="simulations.ValidateWidgetPostRenderTest"/>
        </classes>
    </test>

    <test name="Token Dispatcher Generator">
        <classes>
            <class name="simulations.DispatcherRequestTest"/>
        </classes>
    </test>

    <test name="Solicitud CC Transaccional">
        <classes>
            <class name="simulations.TransactionalCCRequestTest"/>
        </classes>
    </test>

    <test name="Solicitud TC Transaccional">
        <classes>
            <class name="simulations.TransactionalTCRequestTest"/>
        </classes>
    </test>

    <test name="Estado Transacción TC">
        <classes>
            <class name="simulations.TransactionStatusTCTest"/>
        </classes>
    </test>

    <test name="Enviar Evento Pentágono">
        <classes>
            <class name="simulations.SendEventPentagonoTest"/>
        </classes>
    </test>

    <test name="Gestión Datos Eventos Transaccionales">
        <classes>
            <class name="simulations.TransactionalEventDataManagementTest"/>
        </classes>
    </test>

    <test name="Obtener Credenciales AppSync">
        <classes>
            <class name="simulations.GetAppSyncApiCredentialsTest"/>
        </classes>
    </test>

</suite>